<?xml version="1.0" encoding="UTF-8"?>
<testng-results ignored="0" total="1" passed="1" failed="0" skipped="0">
  <reporter-output>
  </reporter-output>
  <suite started-at="2024-07-22T20:19:28 IST" name="Default suite" finished-at="2024-07-22T20:19:32 IST" duration-ms="4062">
    <groups>
    </groups>
    <test started-at="2024-07-22T20:19:28 IST" name="Default test" finished-at="2024-07-22T20:19:32 IST" duration-ms="4062">
      <class name="Selenium.CalenderUITest">
        <test-method signature="calender()[pri:0, instance:Selenium.CalenderUITest@534a5a98]" started-at="2024-07-22T20:19:28 IST" name="calender" finished-at="2024-07-22T20:19:32 IST" duration-ms="3990" status="PASS">
          <reporter-output>
          </reporter-output>
        </test-method> <!-- calender -->
      </class> <!-- Selenium.CalenderUITest -->
    </test> <!-- Default test -->
  </suite> <!-- Default suite -->
</testng-results>
